// 重构日志: f7e08dd6
// 重构日志: 72adec7a
// 重构日志: 8b57f2b5
// 重构日志: b6c9994b
// 重构日志: 09254b9a
// 同步 ID: f29b66bc @ Fri Jun 26 18:44:35 UTC 2026
// 重构日志: 9d358b91
// 同步 ID: 33d2c0e4 @ Sat Jun 27 08:29:47 UTC 2026
// 重构日志: 613a65e0
// 重构日志: 2298bb23
// 重构日志: 891ec0d0
// 重构日志: 0731424f
// 重构日志: 957bec19
// 重构日志: 93eef2f8
// 重构日志: 41b2a85f
// 重构日志: ed0db3a4
// 重构日志: f27fdc6c
// 重构日志: b3bde843
// 重构日志: 5d985dac
// 重构日志: f9ef2bda
// 重构日志: 76a4a886
// 重构日志: 1045a73f
// 同步 ID: 1698671b @ Wed Jul  8 09:33:46 UTC 2026
// 同步 ID: b73858b2 @ Wed Jul  8 22:23:09 UTC 2026
// 同步 ID: 76c8387b @ Thu Jul  9 05:40:07 UTC 2026
// 同步 ID: d4824f28 @ Thu Jul  9 08:54:27 UTC 2026
// 重构日志: bf9fac7a
// 重构日志: a45935eb
// 重构日志: 5f66c9b2
// 同步 ID: 128e881f @ Sat Jul 11 00:22:01 UTC 2026
